{
  "RSpec": {
    "coverage": {
      "/home/astute-mouse-1659/tic-tac-toe-rb-online-web-sp-000/lib/tic_tac_toe.rb": [
        null,
        1,
        null,
        null,
        null,
        null,
        null,
        null,
        null,
        null,
        null,
        null,
        1,
        4,
        null,
        null,
        null,
        1,
        2,
        2,
        2,
        2,
        2,
        null,
        null,
        1,
        3,
        3,
        null,
        null,
        1,
        3,
        null,
        null,
        null,
        1,
        null,
        100,
        100,
        null,
        10,
        10,
        84,
        84,
        null,
        null,
        10,
        0,
        10,
        4,
        6,
        2,
        null,
        null,
        null,
        1,
        72,
        null,
        null,
        null,
        1,
        6,
        2,
        null,
        4,
        null,
        null,
        null,
        1,
        3,
        2,
        null,
        1,
        null,
        null,
        null,
        1,
        3,
        2,
        null,
        null,
        null,
        null,
        null,
        null,
        null,
        null,
        1,
        2,
        2,
        18,
        5,
        null,
        null,
        2,
        null,
        null,
        1,
        1,
        null,
        1,
        0,
        null,
        0,
        null,
        null
      ]
    },
    "timestamp": 1591854216
  }
}
